<?xml version="1.0" encoding="UTF-8"?>
<testng-results ignored="0" total="1" passed="1" failed="0" skipped="0">
  <reporter-output>
  </reporter-output>
  <suite started-at="2024-07-16T17:35:18 GMT-05:00" name="Default suite" finished-at="2024-07-16T17:35:26 GMT-05:00" duration-ms="7728">
    <groups>
    </groups>
    <test started-at="2024-07-16T17:35:18 GMT-05:00" name="Default test" finished-at="2024-07-16T17:35:26 GMT-05:00" duration-ms="7728">
      <class name="BaseTestRunner.LoginPageRunner">
        <test-method is-config="true" signature="initExtentReports()[pri:0, instance:BaseTestRunner.LoginPageRunner@3c46e67a]" started-at="2024-07-16T17:35:18 GMT-05:00" name="initExtentReports" finished-at="2024-07-16T17:35:18 GMT-05:00" duration-ms="326" status="PASS">
          <reporter-output>
          </reporter-output>
        </test-method> <!-- initExtentReports -->
        <test-method is-config="true" signature="openUrl()[pri:0, instance:BaseTestRunner.LoginPageRunner@3c46e67a]" started-at="2024-07-16T17:35:18 GMT-05:00" name="openUrl" finished-at="2024-07-16T17:35:25 GMT-05:00" duration-ms="6198" status="PASS">
          <reporter-output>
          </reporter-output>
        </test-method> <!-- openUrl -->
        <test-method is-config="true" signature="methodName(java.lang.reflect.Method)[pri:0, instance:BaseTestRunner.LoginPageRunner@3c46e67a]" started-at="2024-07-16T17:35:25 GMT-05:00" name="methodName" finished-at="2024-07-16T17:35:25 GMT-05:00" duration-ms="4" status="PASS">
          <params>
            <param index="0">
              <value>
                <![CDATA[public void BaseTestRunner.LoginPageRunner.validSignin()]]>
              </value>
            </param>
          </params>
          <reporter-output>
          </reporter-output>
        </test-method> <!-- methodName -->
        <test-method signature="validSignin()[pri:0, instance:BaseTestRunner.LoginPageRunner@3c46e67a]" started-at="2024-07-16T17:35:25 GMT-05:00" name="validSignin" finished-at="2024-07-16T17:35:26 GMT-05:00" duration-ms="808" status="PASS">
          <reporter-output>
          </reporter-output>
        </test-method> <!-- validSignin -->
        <test-method is-config="true" signature="saveFailureScreenShot(org.testng.ITestResult)[pri:0, instance:BaseTestRunner.LoginPageRunner@3c46e67a]" started-at="2024-07-16T17:35:26 GMT-05:00" name="saveFailureScreenShot" finished-at="2024-07-16T17:35:26 GMT-05:00" duration-ms="650" status="PASS">
          <params>
            <param index="0">
              <value>
                <![CDATA[[TestResult name=validSignin status=SUCCESS method=LoginPageRunner.validSignin()[pri:0, instance:BaseTestRunner.LoginPageRunner@3c46e67a] output={null}]]]>
              </value>
            </param>
          </params>
          <reporter-output>
          </reporter-output>
        </test-method> <!-- saveFailureScreenShot -->
        <test-method is-config="true" signature="closeBrowser()[pri:0, instance:BaseTestRunner.LoginPageRunner@3c46e67a]" started-at="2024-07-16T17:35:26 GMT-05:00" name="closeBrowser" finished-at="2024-07-16T17:35:26 GMT-05:00" duration-ms="1" status="PASS">
          <reporter-output>
          </reporter-output>
        </test-method> <!-- closeBrowser -->
      </class> <!-- BaseTestRunner.LoginPageRunner -->
    </test> <!-- Default test -->
  </suite> <!-- Default suite -->
</testng-results>
